Analysis & Synthesis report for main
Thu May 02 12:36:50 2019
Quartus II 64-Bit Version 13.0.1 Build 232 06/12/2013 Service Pack 1 SJ Web Edition


---------------------
; Table of Contents ;
---------------------
  1. Legal Notice
  2. Analysis & Synthesis Summary
  3. Analysis & Synthesis Settings
  4. Parallel Compilation
  5. Analysis & Synthesis Source Files Read
  6. Analysis & Synthesis Resource Usage Summary
  7. Analysis & Synthesis Resource Utilization by Entity
  8. User-Specified and Inferred Latches
  9. General Register Statistics
 10. Multiplexer Restructuring Statistics (Restructuring Performed)
 11. Port Connectivity Checks: "subtract:sub|oneBitAdder:add7"
 12. Port Connectivity Checks: "subtract:sub|oneBitAdder:add0"
 13. Port Connectivity Checks: "add:addReg|oneBitAdder:add7"
 14. Port Connectivity Checks: "add:addReg|oneBitAdder:add0"
 15. Elapsed Time Per Partition
 16. Analysis & Synthesis Messages



----------------
; Legal Notice ;
----------------
Copyright (C) 1991-2013 Altera Corporation
Your use of Altera Corporation's design tools, logic functions 
and other software and tools, and its AMPP partner logic 
functions, and any output files from any of the foregoing 
(including device programming or simulation files), and any 
associated documentation or information are expressly subject 
to the terms and conditions of the Altera Program License 
Subscription Agreement, Altera MegaCore Function License 
Agreement, or other applicable license agreement, including, 
without limitation, that your use is for the sole purpose of 
programming logic devices manufactured by Altera and sold by 
Altera or its authorized distributors.  Please refer to the 
applicable agreement for further details.



+--------------------------------------------------------------------------------------+
; Analysis & Synthesis Summary                                                         ;
+------------------------------------+-------------------------------------------------+
; Analysis & Synthesis Status        ; Successful - Thu May 02 12:36:50 2019           ;
; Quartus II 64-Bit Version          ; 13.0.1 Build 232 06/12/2013 SP 1 SJ Web Edition ;
; Revision Name                      ; main                                            ;
; Top-level Entity Name              ; main                                            ;
; Family                             ; Cyclone IV GX                                   ;
; Total logic elements               ; 222                                             ;
;     Total combinational functions  ; 206                                             ;
;     Dedicated logic registers      ; 24                                              ;
; Total registers                    ; 24                                              ;
; Total pins                         ; 32                                              ;
; Total virtual pins                 ; 0                                               ;
; Total memory bits                  ; 0                                               ;
; Embedded Multiplier 9-bit elements ; 0                                               ;
; Total GXB Receiver Channel PCS     ; 0                                               ;
; Total GXB Receiver Channel PMA     ; 0                                               ;
; Total GXB Transmitter Channel PCS  ; 0                                               ;
; Total GXB Transmitter Channel PMA  ; 0                                               ;
; Total PLLs                         ; 0                                               ;
+------------------------------------+-------------------------------------------------+


+----------------------------------------------------------------------------------------------------------------------+
; Analysis & Synthesis Settings                                                                                        ;
+----------------------------------------------------------------------------+--------------------+--------------------+
; Option                                                                     ; Setting            ; Default Value      ;
+----------------------------------------------------------------------------+--------------------+--------------------+
; Top-level entity name                                                      ; main               ; main               ;
; Family name                                                                ; Cyclone IV GX      ; Cyclone IV GX      ;
; Use smart compilation                                                      ; Off                ; Off                ;
; Enable parallel Assembler and TimeQuest Timing Analyzer during compilation ; On                 ; On                 ;
; Enable compact report table                                                ; Off                ; Off                ;
; Restructure Multiplexers                                                   ; Auto               ; Auto               ;
; Create Debugging Nodes for IP Cores                                        ; Off                ; Off                ;
; Preserve fewer node names                                                  ; On                 ; On                 ;
; Disable OpenCore Plus hardware evaluation                                  ; Off                ; Off                ;
; Verilog Version                                                            ; Verilog_2001       ; Verilog_2001       ;
; VHDL Version                                                               ; VHDL_1993          ; VHDL_1993          ;
; State Machine Processing                                                   ; Auto               ; Auto               ;
; Safe State Machine                                                         ; Off                ; Off                ;
; Extract Verilog State Machines                                             ; On                 ; On                 ;
; Extract VHDL State Machines                                                ; On                 ; On                 ;
; Ignore Verilog initial constructs                                          ; Off                ; Off                ;
; Iteration limit for constant Verilog loops                                 ; 5000               ; 5000               ;
; Iteration limit for non-constant Verilog loops                             ; 250                ; 250                ;
; Add Pass-Through Logic to Inferred RAMs                                    ; On                 ; On                 ;
; Infer RAMs from Raw Logic                                                  ; On                 ; On                 ;
; Parallel Synthesis                                                         ; On                 ; On                 ;
; DSP Block Balancing                                                        ; Auto               ; Auto               ;
; NOT Gate Push-Back                                                         ; On                 ; On                 ;
; Power-Up Don't Care                                                        ; On                 ; On                 ;
; Remove Redundant Logic Cells                                               ; Off                ; Off                ;
; Remove Duplicate Registers                                                 ; On                 ; On                 ;
; Ignore CARRY Buffers                                                       ; Off                ; Off                ;
; Ignore CASCADE Buffers                                                     ; Off                ; Off                ;
; Ignore GLOBAL Buffers                                                      ; Off                ; Off                ;
; Ignore ROW GLOBAL Buffers                                                  ; Off                ; Off                ;
; Ignore LCELL Buffers                                                       ; Off                ; Off                ;
; Ignore SOFT Buffers                                                        ; On                 ; On                 ;
; Limit AHDL Integers to 32 Bits                                             ; Off                ; Off                ;
; Optimization Technique                                                     ; Balanced           ; Balanced           ;
; Carry Chain Length                                                         ; 70                 ; 70                 ;
; Auto Carry Chains                                                          ; On                 ; On                 ;
; Auto Open-Drain Pins                                                       ; On                 ; On                 ;
; Perform WYSIWYG Primitive Resynthesis                                      ; Off                ; Off                ;
; Auto ROM Replacement                                                       ; On                 ; On                 ;
; Auto RAM Replacement                                                       ; On                 ; On                 ;
; Auto DSP Block Replacement                                                 ; On                 ; On                 ;
; Auto Shift Register Replacement                                            ; Auto               ; Auto               ;
; Allow Shift Register Merging across Hierarchies                            ; Auto               ; Auto               ;
; Auto Clock Enable Replacement                                              ; On                 ; On                 ;
; Strict RAM Replacement                                                     ; Off                ; Off                ;
; Allow Synchronous Control Signals                                          ; On                 ; On                 ;
; Force Use of Synchronous Clear Signals                                     ; Off                ; Off                ;
; Auto RAM Block Balancing                                                   ; On                 ; On                 ;
; Auto RAM to Logic Cell Conversion                                          ; Off                ; Off                ;
; Auto Resource Sharing                                                      ; Off                ; Off                ;
; Allow Any RAM Size For Recognition                                         ; Off                ; Off                ;
; Allow Any ROM Size For Recognition                                         ; Off                ; Off                ;
; Allow Any Shift Register Size For Recognition                              ; Off                ; Off                ;
; Use LogicLock Constraints during Resource Balancing                        ; On                 ; On                 ;
; Ignore translate_off and synthesis_off directives                          ; Off                ; Off                ;
; Timing-Driven Synthesis                                                    ; On                 ; On                 ;
; Report Parameter Settings                                                  ; On                 ; On                 ;
; Report Source Assignments                                                  ; On                 ; On                 ;
; Report Connectivity Checks                                                 ; On                 ; On                 ;
; Ignore Maximum Fan-Out Assignments                                         ; Off                ; Off                ;
; Synchronization Register Chain Length                                      ; 2                  ; 2                  ;
; PowerPlay Power Optimization                                               ; Normal compilation ; Normal compilation ;
; HDL message level                                                          ; Level2             ; Level2             ;
; Suppress Register Optimization Related Messages                            ; Off                ; Off                ;
; Number of Removed Registers Reported in Synthesis Report                   ; 5000               ; 5000               ;
; Number of Swept Nodes Reported in Synthesis Report                         ; 5000               ; 5000               ;
; Number of Inverted Registers Reported in Synthesis Report                  ; 100                ; 100                ;
; Clock MUX Protection                                                       ; On                 ; On                 ;
; Auto Gated Clock Conversion                                                ; Off                ; Off                ;
; Block Design Naming                                                        ; Auto               ; Auto               ;
; SDC constraint protection                                                  ; Off                ; Off                ;
; Synthesis Effort                                                           ; Auto               ; Auto               ;
; Shift Register Replacement - Allow Asynchronous Clear Signal               ; On                 ; On                 ;
; Pre-Mapping Resynthesis Optimization                                       ; Off                ; Off                ;
; Analysis & Synthesis Message Level                                         ; Medium             ; Medium             ;
; Disable Register Merging Across Hierarchies                                ; Auto               ; Auto               ;
; Resource Aware Inference For Block RAM                                     ; On                 ; On                 ;
; Synthesis Seed                                                             ; 1                  ; 1                  ;
+----------------------------------------------------------------------------+--------------------+--------------------+


Parallel compilation was disabled, but you have multiple processors available. Enable parallel compilation to reduce compilation time.
+-------------------------------------+
; Parallel Compilation                ;
+----------------------------+--------+
; Processors                 ; Number ;
+----------------------------+--------+
; Number detected on machine ; 4      ;
; Maximum allowed            ; 1      ;
+----------------------------+--------+


+-------------------------------------------------------------------------------------------------------------------------------------------------------+
; Analysis & Synthesis Source Files Read                                                                                                                ;
+----------------------------------+-----------------+-----------------+----------------------------------------------------------------------+---------+
; File Name with User-Entered Path ; Used in Netlist ; File Type       ; File Name with Absolute Path                                         ; Library ;
+----------------------------------+-----------------+-----------------+----------------------------------------------------------------------+---------+
; main.vhd                         ; yes             ; User VHDL File  ; C:/Users/May Trinh/Desktop/Logic Design/Project 2/Project 1/main.vhd ;         ;
+----------------------------------+-----------------+-----------------+----------------------------------------------------------------------+---------+


+-------------------------------------------------+
; Analysis & Synthesis Resource Usage Summary     ;
+--------------------------+----------------------+
; Resource                 ; Usage                ;
+--------------------------+----------------------+
; I/O pins                 ; 32                   ;
; DSP block 9-bit elements ; 0                    ;
; Maximum fan-out node     ; instruction[3]~input ;
; Maximum fan-out          ; 27                   ;
; Total fan-out            ; 851                  ;
; Average fan-out          ; 2.89                 ;
+--------------------------+----------------------+


+--------------------------------------------------------------------------------------------------------------------------------------------------------------------------------------------------------------+
; Analysis & Synthesis Resource Utilization by Entity                                                                                                                                                          ;
+----------------------------+-------------------+--------------+-------------+--------------+---------+-----------+-----------+------+--------------+------------------------------------------+--------------+
; Compilation Hierarchy Node ; LC Combinationals ; LC Registers ; Memory Bits ; DSP Elements ; DSP 9x9 ; DSP 18x18 ; DSP 36x36 ; Pins ; Virtual Pins ; Full Hierarchy Name                      ; Library Name ;
+----------------------------+-------------------+--------------+-------------+--------------+---------+-----------+-----------+------+--------------+------------------------------------------+--------------+
; |main                      ; 206 (0)           ; 24 (0)       ; 0           ; 0            ; 0       ; 0         ; 0         ; 32   ; 0            ; |main                                    ; work         ;
;    |Decoder:D|             ; 38 (38)           ; 0 (0)        ; 0           ; 0            ; 0       ; 0         ; 0         ; 0    ; 0            ; |main|Decoder:D                          ; work         ;
;    |add:addConst|          ; 6 (0)             ; 0 (0)        ; 0           ; 0            ; 0       ; 0         ; 0         ; 0    ; 0            ; |main|add:addConst                       ; work         ;
;       |oneBitAdder:add1|   ; 1 (1)             ; 0 (0)        ; 0           ; 0            ; 0       ; 0         ; 0         ; 0    ; 0            ; |main|add:addConst|oneBitAdder:add1      ; work         ;
;       |oneBitAdder:add2|   ; 1 (1)             ; 0 (0)        ; 0           ; 0            ; 0       ; 0         ; 0         ; 0    ; 0            ; |main|add:addConst|oneBitAdder:add2      ; work         ;
;       |oneBitAdder:add3|   ; 2 (2)             ; 0 (0)        ; 0           ; 0            ; 0       ; 0         ; 0         ; 0    ; 0            ; |main|add:addConst|oneBitAdder:add3      ; work         ;
;       |oneBitAdder:add4|   ; 1 (1)             ; 0 (0)        ; 0           ; 0            ; 0       ; 0         ; 0         ; 0    ; 0            ; |main|add:addConst|oneBitAdder:add4      ; work         ;
;       |oneBitAdder:add6|   ; 1 (1)             ; 0 (0)        ; 0           ; 0            ; 0       ; 0         ; 0         ; 0    ; 0            ; |main|add:addConst|oneBitAdder:add6      ; work         ;
;    |add:addReg|            ; 11 (0)            ; 0 (0)        ; 0           ; 0            ; 0       ; 0         ; 0         ; 0    ; 0            ; |main|add:addReg                         ; work         ;
;       |oneBitAdder:add1|   ; 2 (2)             ; 0 (0)        ; 0           ; 0            ; 0       ; 0         ; 0         ; 0    ; 0            ; |main|add:addReg|oneBitAdder:add1        ; work         ;
;       |oneBitAdder:add2|   ; 1 (1)             ; 0 (0)        ; 0           ; 0            ; 0       ; 0         ; 0         ; 0    ; 0            ; |main|add:addReg|oneBitAdder:add2        ; work         ;
;       |oneBitAdder:add3|   ; 1 (1)             ; 0 (0)        ; 0           ; 0            ; 0       ; 0         ; 0         ; 0    ; 0            ; |main|add:addReg|oneBitAdder:add3        ; work         ;
;       |oneBitAdder:add4|   ; 4 (4)             ; 0 (0)        ; 0           ; 0            ; 0       ; 0         ; 0         ; 0    ; 0            ; |main|add:addReg|oneBitAdder:add4        ; work         ;
;       |oneBitAdder:add5|   ; 2 (2)             ; 0 (0)        ; 0           ; 0            ; 0       ; 0         ; 0         ; 0    ; 0            ; |main|add:addReg|oneBitAdder:add5        ; work         ;
;       |oneBitAdder:add7|   ; 1 (1)             ; 0 (0)        ; 0           ; 0            ; 0       ; 0         ; 0         ; 0    ; 0            ; |main|add:addReg|oneBitAdder:add7        ; work         ;
;    |andReg:andRegister|    ; 6 (6)             ; 0 (0)        ; 0           ; 0            ; 0       ; 0         ; 0         ; 0    ; 0            ; |main|andReg:andRegister                 ; work         ;
;    |display:displ|         ; 14 (14)           ; 0 (0)        ; 0           ; 0            ; 0       ; 0         ; 0         ; 0    ; 0            ; |main|display:displ                      ; work         ;
;    |eor:xorReg|            ; 6 (6)             ; 0 (0)        ; 0           ; 0            ; 0       ; 0         ; 0         ; 0    ; 0            ; |main|eor:xorReg                         ; work         ;
;    |getConst:const|        ; 3 (3)             ; 0 (0)        ; 0           ; 0            ; 0       ; 0         ; 0         ; 0    ; 0            ; |main|getConst:const                     ; work         ;
;    |mux:multiplexor|       ; 77 (77)           ; 0 (0)        ; 0           ; 0            ; 0       ; 0         ; 0         ; 0    ; 0            ; |main|mux:multiplexor                    ; work         ;
;    |reg:r0|                ; 0 (0)             ; 8 (8)        ; 0           ; 0            ; 0       ; 0         ; 0         ; 0    ; 0            ; |main|reg:r0                             ; work         ;
;    |reg:r1|                ; 0 (0)             ; 8 (8)        ; 0           ; 0            ; 0       ; 0         ; 0         ; 0    ; 0            ; |main|reg:r1                             ; work         ;
;    |reg:temp|              ; 0 (0)             ; 8 (8)        ; 0           ; 0            ; 0       ; 0         ; 0         ; 0    ; 0            ; |main|reg:temp                           ; work         ;
;    |regMux:displayReg|     ; 8 (8)             ; 0 (0)        ; 0           ; 0            ; 0       ; 0         ; 0         ; 0    ; 0            ; |main|regMux:displayReg                  ; work         ;
;    |regMux:wReg1|          ; 7 (7)             ; 0 (0)        ; 0           ; 0            ; 0       ; 0         ; 0         ; 0    ; 0            ; |main|regMux:wReg1                       ; work         ;
;    |regMux:wReg2|          ; 8 (8)             ; 0 (0)        ; 0           ; 0            ; 0       ; 0         ; 0         ; 0    ; 0            ; |main|regMux:wReg2                       ; work         ;
;    |regMux:wReg3|          ; 2 (2)             ; 0 (0)        ; 0           ; 0            ; 0       ; 0         ; 0         ; 0    ; 0            ; |main|regMux:wReg3                       ; work         ;
;    |registerEnabler:regE|  ; 2 (2)             ; 0 (0)        ; 0           ; 0            ; 0       ; 0         ; 0         ; 0    ; 0            ; |main|registerEnabler:regE               ; work         ;
;    |subtract:subConst|     ; 5 (0)             ; 0 (0)        ; 0           ; 0            ; 0       ; 0         ; 0         ; 0    ; 0            ; |main|subtract:subConst                  ; work         ;
;       |oneBitAdder:add1|   ; 1 (1)             ; 0 (0)        ; 0           ; 0            ; 0       ; 0         ; 0         ; 0    ; 0            ; |main|subtract:subConst|oneBitAdder:add1 ; work         ;
;       |oneBitAdder:add3|   ; 2 (2)             ; 0 (0)        ; 0           ; 0            ; 0       ; 0         ; 0         ; 0    ; 0            ; |main|subtract:subConst|oneBitAdder:add3 ; work         ;
;       |oneBitAdder:add4|   ; 1 (1)             ; 0 (0)        ; 0           ; 0            ; 0       ; 0         ; 0         ; 0    ; 0            ; |main|subtract:subConst|oneBitAdder:add4 ; work         ;
;       |oneBitAdder:add6|   ; 1 (1)             ; 0 (0)        ; 0           ; 0            ; 0       ; 0         ; 0         ; 0    ; 0            ; |main|subtract:subConst|oneBitAdder:add6 ; work         ;
;    |subtract:sub|          ; 13 (0)            ; 0 (0)        ; 0           ; 0            ; 0       ; 0         ; 0         ; 0    ; 0            ; |main|subtract:sub                       ; work         ;
;       |oneBitAdder:add1|   ; 2 (2)             ; 0 (0)        ; 0           ; 0            ; 0       ; 0         ; 0         ; 0    ; 0            ; |main|subtract:sub|oneBitAdder:add1      ; work         ;
;       |oneBitAdder:add2|   ; 1 (1)             ; 0 (0)        ; 0           ; 0            ; 0       ; 0         ; 0         ; 0    ; 0            ; |main|subtract:sub|oneBitAdder:add2      ; work         ;
;       |oneBitAdder:add3|   ; 2 (2)             ; 0 (0)        ; 0           ; 0            ; 0       ; 0         ; 0         ; 0    ; 0            ; |main|subtract:sub|oneBitAdder:add3      ; work         ;
;       |oneBitAdder:add4|   ; 3 (3)             ; 0 (0)        ; 0           ; 0            ; 0       ; 0         ; 0         ; 0    ; 0            ; |main|subtract:sub|oneBitAdder:add4      ; work         ;
;       |oneBitAdder:add5|   ; 2 (2)             ; 0 (0)        ; 0           ; 0            ; 0       ; 0         ; 0         ; 0    ; 0            ; |main|subtract:sub|oneBitAdder:add5      ; work         ;
;       |oneBitAdder:add6|   ; 1 (1)             ; 0 (0)        ; 0           ; 0            ; 0       ; 0         ; 0         ; 0    ; 0            ; |main|subtract:sub|oneBitAdder:add6      ; work         ;
;       |oneBitAdder:add7|   ; 2 (2)             ; 0 (0)        ; 0           ; 0            ; 0       ; 0         ; 0         ; 0    ; 0            ; |main|subtract:sub|oneBitAdder:add7      ; work         ;
+----------------------------+-------------------+--------------+-------------+--------------+---------+-----------+-----------+------+--------------+------------------------------------------+--------------+
Note: For table entries with two numbers listed, the numbers in parentheses indicate the number of resources of the given type used by the specific entity alone. The numbers listed outside of parentheses indicate the total resources of the given type used by the specific entity and all of its sub-entities in the hierarchy.


+-----------------------------------------------------------------------------------------------------------+
; User-Specified and Inferred Latches                                                                       ;
+-----------------------------------------------------+----------------------------+------------------------+
; Latch Name                                          ; Latch Enable Signal        ; Free of Timing Hazards ;
+-----------------------------------------------------+----------------------------+------------------------+
; registerEnabler:regE|setB                           ; VCC                        ; yes                    ;
; registerEnabler:regE|setA                           ; VCC                        ; yes                    ;
; mux:multiplexor|currAns[4]                          ; mux:multiplexor|currAns[7] ; yes                    ;
; mux:multiplexor|currAns[5]                          ; mux:multiplexor|currAns[7] ; yes                    ;
; mux:multiplexor|currAns[6]                          ; mux:multiplexor|currAns[7] ; yes                    ;
; mux:multiplexor|currAns[7]                          ; mux:multiplexor|currAns[7] ; yes                    ;
; mux:multiplexor|currAns[0]                          ; mux:multiplexor|currAns[7] ; yes                    ;
; mux:multiplexor|currAns[1]                          ; mux:multiplexor|currAns[7] ; yes                    ;
; mux:multiplexor|currAns[2]                          ; mux:multiplexor|currAns[7] ; yes                    ;
; mux:multiplexor|currAns[3]                          ; mux:multiplexor|currAns[7] ; yes                    ;
; Decoder:D|instrC[2]                                 ; GND                        ; yes                    ;
; Decoder:D|instrC[1]                                 ; GND                        ; yes                    ;
; Decoder:D|instrC[0]                                 ; GND                        ; yes                    ;
; Decoder:D|instrC[3]                                 ; GND                        ; yes                    ;
; getConst:const|new_val[2]                           ; Decoder:D|isConst          ; yes                    ;
; getConst:const|new_val[1]                           ; Decoder:D|isConst          ; yes                    ;
; getConst:const|new_val[0]                           ; Decoder:D|isConst          ; yes                    ;
; Decoder:D|isConst                                   ; Decoder:D|isSub            ; no                     ;
; Number of user-specified and inferred latches = 18  ;                            ;                        ;
+-----------------------------------------------------+----------------------------+------------------------+
Note: All latches listed above may not be present at the end of synthesis due to various synthesis optimizations.


+------------------------------------------------------+
; General Register Statistics                          ;
+----------------------------------------------+-------+
; Statistic                                    ; Value ;
+----------------------------------------------+-------+
; Total registers                              ; 24    ;
; Number of registers using Synchronous Clear  ; 0     ;
; Number of registers using Synchronous Load   ; 0     ;
; Number of registers using Asynchronous Clear ; 0     ;
; Number of registers using Asynchronous Load  ; 0     ;
; Number of registers using Clock Enable       ; 0     ;
; Number of registers using Preset             ; 0     ;
+----------------------------------------------+-------+


+------------------------------------------------------------------------------------------------------------------------------------------------+
; Multiplexer Restructuring Statistics (Restructuring Performed)                                                                                 ;
+--------------------+-----------+---------------+----------------------+------------------------+------------+----------------------------------+
; Multiplexer Inputs ; Bus Width ; Baseline Area ; Area if Restructured ; Saving if Restructured ; Registered ; Example Multiplexer Output       ;
+--------------------+-----------+---------------+----------------------+------------------------+------------+----------------------------------+
; 8:1                ; 2 bits    ; 10 LEs        ; 8 LEs                ; 2 LEs                  ; No         ; |main|Decoder:D|instrC[1]        ;
; 13:1               ; 6 bits    ; 48 LEs        ; 36 LEs               ; 12 LEs                 ; No         ; |main|mux:multiplexor|currAns[5] ;
; 9:1                ; 2 bits    ; 12 LEs        ; 12 LEs               ; 0 LEs                  ; No         ; |main|Decoder:D|instrC[0]        ;
+--------------------+-----------+---------------+----------------------+------------------------+------------+----------------------------------+


+---------------------------------------------------------------------------------------------------------------------+
; Port Connectivity Checks: "subtract:sub|oneBitAdder:add7"                                                           ;
+-----------+--------+----------+-------------------------------------------------------------------------------------+
; Port      ; Type   ; Severity ; Details                                                                             ;
+-----------+--------+----------+-------------------------------------------------------------------------------------+
; carry_out ; Output ; Info     ; Connected to dangling logic. Logic that only feeds a dangling port will be removed. ;
+-----------+--------+----------+-------------------------------------------------------------------------------------+


+-----------------------------------------------------------+
; Port Connectivity Checks: "subtract:sub|oneBitAdder:add0" ;
+----------+-------+----------+-----------------------------+
; Port     ; Type  ; Severity ; Details                     ;
+----------+-------+----------+-----------------------------+
; carry_in ; Input ; Info     ; Stuck at VCC                ;
+----------+-------+----------+-----------------------------+


+---------------------------------------------------------------------------------------------------------------------+
; Port Connectivity Checks: "add:addReg|oneBitAdder:add7"                                                             ;
+-----------+--------+----------+-------------------------------------------------------------------------------------+
; Port      ; Type   ; Severity ; Details                                                                             ;
+-----------+--------+----------+-------------------------------------------------------------------------------------+
; carry_out ; Output ; Info     ; Connected to dangling logic. Logic that only feeds a dangling port will be removed. ;
+-----------+--------+----------+-------------------------------------------------------------------------------------+


+---------------------------------------------------------+
; Port Connectivity Checks: "add:addReg|oneBitAdder:add0" ;
+----------+-------+----------+---------------------------+
; Port     ; Type  ; Severity ; Details                   ;
+----------+-------+----------+---------------------------+
; carry_in ; Input ; Info     ; Stuck at GND              ;
+----------+-------+----------+---------------------------+


+-------------------------------+
; Elapsed Time Per Partition    ;
+----------------+--------------+
; Partition Name ; Elapsed Time ;
+----------------+--------------+
; Top            ; 00:00:03     ;
+----------------+--------------+


+-------------------------------+
; Analysis & Synthesis Messages ;
+-------------------------------+
Info: *******************************************************************
Info: Running Quartus II 64-Bit Analysis & Synthesis
    Info: Version 13.0.1 Build 232 06/12/2013 Service Pack 1 SJ Web Edition
    Info: Processing started: Thu May 02 12:36:43 2019
Info: Command: quartus_map --read_settings_files=on --write_settings_files=off main -c main
Warning (20028): Parallel compilation is not licensed and has been disabled
Warning (12090): Entity "mux" obtained from "main.vhd" instead of from Quartus II megafunction library
Info (12021): Found 34 design units, including 17 entities, in source file main.vhd
    Info (12022): Found design unit 1: main-rtl
    Info (12022): Found design unit 2: Decoder-rtl
    Info (12022): Found design unit 3: reg-r
    Info (12022): Found design unit 4: registerEnabler-rtl
    Info (12022): Found design unit 5: regMux-rtl
    Info (12022): Found design unit 6: mux-synth
    Info (12022): Found design unit 7: mov-m
    Info (12022): Found design unit 8: display-d
    Info (12022): Found design unit 9: oneBitAdder-rt1
    Info (12022): Found design unit 10: add-a
    Info (12022): Found design unit 11: subtract-s
    Info (12022): Found design unit 12: getConst-gC
    Info (12022): Found design unit 13: andReg-aR
    Info (12022): Found design unit 14: neg-n
    Info (12022): Found design unit 15: eor-e
    Info (12022): Found design unit 16: lsl-l
    Info (12022): Found design unit 17: lsr-r
    Info (12023): Found entity 1: main
    Info (12023): Found entity 2: Decoder
    Info (12023): Found entity 3: reg
    Info (12023): Found entity 4: registerEnabler
    Info (12023): Found entity 5: regMux
    Info (12023): Found entity 6: mux
    Info (12023): Found entity 7: mov
    Info (12023): Found entity 8: display
    Info (12023): Found entity 9: oneBitAdder
    Info (12023): Found entity 10: add
    Info (12023): Found entity 11: subtract
    Info (12023): Found entity 12: getConst
    Info (12023): Found entity 13: andReg
    Info (12023): Found entity 14: neg
    Info (12023): Found entity 15: eor
    Info (12023): Found entity 16: lsl
    Info (12023): Found entity 17: lsr
Info (12127): Elaborating entity "main" for the top level hierarchy
Info (12128): Elaborating entity "Decoder" for hierarchy "Decoder:D"
Warning (10492): VHDL Process Statement warning at main.vhd(288): signal "firstFour" is read inside the Process Statement but isn't in the Process Statement's sensitivity list
Warning (10492): VHDL Process Statement warning at main.vhd(295): signal "reg" is read inside the Process Statement but isn't in the Process Statement's sensitivity list
Warning (10631): VHDL Process Statement warning at main.vhd(302): inferring latch(es) for signal or variable "instrC", which holds its previous value in one or more paths through the process
Warning (10631): VHDL Process Statement warning at main.vhd(302): inferring latch(es) for signal or variable "isSub", which holds its previous value in one or more paths through the process
Warning (10631): VHDL Process Statement warning at main.vhd(302): inferring latch(es) for signal or variable "isConst", which holds its previous value in one or more paths through the process
Info (10041): Inferred latch for "isConst" at main.vhd(302)
Info (10041): Inferred latch for "isSub" at main.vhd(302)
Info (10041): Inferred latch for "instrC[0]" at main.vhd(302)
Info (10041): Inferred latch for "instrC[1]" at main.vhd(302)
Info (10041): Inferred latch for "instrC[2]" at main.vhd(302)
Info (10041): Inferred latch for "instrC[3]" at main.vhd(302)
Info (12128): Elaborating entity "mov" for hierarchy "mov:a"
Info (12128): Elaborating entity "regMux" for hierarchy "regMux:wReg1"
Info (12128): Elaborating entity "add" for hierarchy "add:addReg"
Warning (10036): Verilog HDL or VHDL warning at main.vhd(754): object "c8" assigned a value but never read
Info (12128): Elaborating entity "oneBitAdder" for hierarchy "add:addReg|oneBitAdder:add0"
Info (12128): Elaborating entity "subtract" for hierarchy "subtract:sub"
Warning (10036): Verilog HDL or VHDL warning at main.vhd(787): object "c8" assigned a value but never read
Info (12128): Elaborating entity "getConst" for hierarchy "getConst:const"
Warning (10631): VHDL Process Statement warning at main.vhd(823): inferring latch(es) for signal or variable "new_val", which holds its previous value in one or more paths through the process
Info (10041): Inferred latch for "new_val[0]" at main.vhd(823)
Info (10041): Inferred latch for "new_val[1]" at main.vhd(823)
Info (10041): Inferred latch for "new_val[2]" at main.vhd(823)
Info (10041): Inferred latch for "new_val[3]" at main.vhd(823)
Info (10041): Inferred latch for "new_val[4]" at main.vhd(823)
Info (10041): Inferred latch for "new_val[5]" at main.vhd(823)
Info (10041): Inferred latch for "new_val[6]" at main.vhd(823)
Info (10041): Inferred latch for "new_val[7]" at main.vhd(823)
Info (12128): Elaborating entity "eor" for hierarchy "eor:xorReg"
Info (12128): Elaborating entity "andReg" for hierarchy "andReg:andRegister"
Info (12128): Elaborating entity "neg" for hierarchy "neg:negate"
Info (12128): Elaborating entity "lsl" for hierarchy "lsl:shl"
Info (12128): Elaborating entity "lsr" for hierarchy "lsr:shr"
Info (12128): Elaborating entity "mux" for hierarchy "mux:multiplexor"
Warning (10492): VHDL Process Statement warning at main.vhd(527): signal "addorsub" is read inside the Process Statement but isn't in the Process Statement's sensitivity list
Warning (10492): VHDL Process Statement warning at main.vhd(530): signal "addConst" is read inside the Process Statement but isn't in the Process Statement's sensitivity list
Warning (10492): VHDL Process Statement warning at main.vhd(533): signal "sub" is read inside the Process Statement but isn't in the Process Statement's sensitivity list
Warning (10492): VHDL Process Statement warning at main.vhd(536): signal "subConst" is read inside the Process Statement but isn't in the Process Statement's sensitivity list
Warning (10492): VHDL Process Statement warning at main.vhd(540): signal "xand" is read inside the Process Statement but isn't in the Process Statement's sensitivity list
Warning (10492): VHDL Process Statement warning at main.vhd(543): signal "mov" is read inside the Process Statement but isn't in the Process Statement's sensitivity list
Warning (10492): VHDL Process Statement warning at main.vhd(546): signal "neg" is read inside the Process Statement but isn't in the Process Statement's sensitivity list
Warning (10492): VHDL Process Statement warning at main.vhd(549): signal "Eor" is read inside the Process Statement but isn't in the Process Statement's sensitivity list
Warning (10492): VHDL Process Statement warning at main.vhd(552): signal "shl" is read inside the Process Statement but isn't in the Process Statement's sensitivity list
Warning (10492): VHDL Process Statement warning at main.vhd(555): signal "shr" is read inside the Process Statement but isn't in the Process Statement's sensitivity list
Warning (10631): VHDL Process Statement warning at main.vhd(524): inferring latch(es) for signal or variable "currAns", which holds its previous value in one or more paths through the process
Info (10041): Inferred latch for "currAns[0]" at main.vhd(524)
Info (10041): Inferred latch for "currAns[1]" at main.vhd(524)
Info (10041): Inferred latch for "currAns[2]" at main.vhd(524)
Info (10041): Inferred latch for "currAns[3]" at main.vhd(524)
Info (10041): Inferred latch for "currAns[4]" at main.vhd(524)
Info (10041): Inferred latch for "currAns[5]" at main.vhd(524)
Info (10041): Inferred latch for "currAns[6]" at main.vhd(524)
Info (10041): Inferred latch for "currAns[7]" at main.vhd(524)
Info (12128): Elaborating entity "registerEnabler" for hierarchy "registerEnabler:regE"
Warning (10631): VHDL Process Statement warning at main.vhd(423): inferring latch(es) for signal or variable "setA", which holds its previous value in one or more paths through the process
Warning (10631): VHDL Process Statement warning at main.vhd(423): inferring latch(es) for signal or variable "setB", which holds its previous value in one or more paths through the process
Info (10041): Inferred latch for "setB" at main.vhd(423)
Info (10041): Inferred latch for "setA" at main.vhd(423)
Info (12128): Elaborating entity "reg" for hierarchy "reg:temp"
Info (12128): Elaborating entity "display" for hierarchy "display:displ"
Warning (13012): Latch mux:multiplexor|currAns[4] has unsafe behavior
    Warning (13013): Ports D and ENA on the latch are fed by the same signal Decoder:D|instrC[0]
Warning (13012): Latch mux:multiplexor|currAns[5] has unsafe behavior
    Warning (13013): Ports D and ENA on the latch are fed by the same signal Decoder:D|instrC[3]
Warning (13012): Latch mux:multiplexor|currAns[6] has unsafe behavior
    Warning (13013): Ports D and ENA on the latch are fed by the same signal Decoder:D|instrC[0]
Warning (13012): Latch mux:multiplexor|currAns[7] has unsafe behavior
    Warning (13013): Ports D and ENA on the latch are fed by the same signal Decoder:D|instrC[3]
Warning (13012): Latch mux:multiplexor|currAns[0] has unsafe behavior
    Warning (13013): Ports D and ENA on the latch are fed by the same signal Decoder:D|instrC[3]
Warning (13012): Latch mux:multiplexor|currAns[1] has unsafe behavior
    Warning (13013): Ports D and ENA on the latch are fed by the same signal Decoder:D|instrC[3]
Warning (13012): Latch mux:multiplexor|currAns[2] has unsafe behavior
    Warning (13013): Ports D and ENA on the latch are fed by the same signal Decoder:D|instrC[0]
Warning (13012): Latch mux:multiplexor|currAns[3] has unsafe behavior
    Warning (13013): Ports D and ENA on the latch are fed by the same signal Decoder:D|instrC[3]
Warning (13012): Latch Decoder:D|isConst has unsafe behavior
    Warning (13013): Ports D and ENA on the latch are fed by the same signal instruction[9]
    Warning (13013): Ports ENA and PRE on the latch are fed by the same signal instruction[9]
Info (286030): Timing-Driven Synthesis is running
Info (16010): Generating hard_block partition "hard_block:auto_generated_inst"
    Info (16011): Adding 0 node(s), including 0 DDIO, 0 PLL, 0 transceiver and 0 LCELL
Info (21057): Implemented 262 device resources after synthesis - the final resource count might be different
    Info (21058): Implemented 18 input pins
    Info (21059): Implemented 14 output pins
    Info (21061): Implemented 230 logic cells
Info: Quartus II 64-Bit Analysis & Synthesis was successful. 0 errors, 42 warnings
    Info: Peak virtual memory: 4718 megabytes
    Info: Processing ended: Thu May 02 12:36:50 2019
    Info: Elapsed time: 00:00:07
    Info: Total CPU time (on all processors): 00:00:07


